<?xml version="1.0" encoding="UTF-8"?>
<!-- Generated by org.testng.reporters.JUnitXMLReporter -->
<testsuite ignored="1" hostname="DESKTOP-O9D4OD9" failures="0" tests="1" name="Default test" time="0.071" errors="0" timestamp="2021-05-10T01:26:58 IST">
  <testcase classname="maingroupproject.Subproject.RestapiTest" name="podjira" time="0.017"/>
  <testcase classname="maingroupproject.Subproject.RestapiTest" name="deletetwitter" time="0.0">
    <ignored/>
  </testcase> <!-- deletetwitter -->
</testsuite> <!-- Default test -->
