<?xml version="1.0" encoding="UTF-8"?>
<!-- Generated by org.testng.reporters.JUnitXMLReporter -->
<testsuite ignored="0" hostname="DESKTOP-O9D4OD9" failures="0" tests="6" name="Test" time="0.388" errors="0" timestamp="2021-05-10T19:54:24 IST">
  <testcase classname="maingroupproject.Subproject.SeleniumTest" name="BrowserAutomation" time="0.075"/>
  <testcase classname="maingroupproject.Subproject.SeleniumTest" name="elementsui" time="0.004"/>
  <testcase classname="maingroupproject.Subproject.AppiumTest" name="IosApps" time="0.008"/>
  <testcase classname="maingroupproject.Subproject.AppiumTest" name="NativeAppAndroid" time="0.01"/>
  <testcase classname="maingroupproject.Subproject.RestapiTest" name="deletetwitter" time="0.003"/>
  <testcase classname="maingroupproject.Subproject.RestapiTest" name="podjira" time="0.002"/>
</testsuite> <!-- Test -->
