<?xml version="1.0" encoding="UTF-8"?>
<!-- Generated by org.testng.reporters.JUnitXMLReporter -->
<testsuite ignored="0" hostname="DESKTOP-O9D4OD9" failures="0" tests="4" name="Test" time="0.064" errors="0" timestamp="2021-05-14T19:17:30 IST">
  <testcase classname="maingroupproject.Subproject.SeleniumTest" name="BrowserAutomation" time="0.005"/>
  <testcase classname="maingroupproject.Subproject.SeleniumTest" name="elementsui" time="0.0"/>
  <testcase classname="maingroupproject.Subproject.AppiumTest" name="IosApps" time="0.0"/>
  <testcase classname="maingroupproject.Subproject.AppiumTest" name="NativeAppAndroid" time="0.001"/>
</testsuite> <!-- Test -->
