<?xml version="1.0" encoding="UTF-8"?>
<testng-results ignored="0" total="6" passed="6" failed="0" skipped="0">
  <reporter-output>
  </reporter-output>
  <suite started-at="2021-05-14T20:06:17 IST" name="Command line suite" finished-at="2021-05-14T20:06:17 IST" duration-ms="75">
    <groups>
    </groups>
    <test started-at="2021-05-14T20:06:17 IST" name="Command line test" finished-at="2021-05-14T20:06:17 IST" duration-ms="75">
      <class name="maingroupproject.Subproject.RestapiTest">
        <test-method signature="deletetwitter()[pri:0, instance:maingroupproject.Subproject.RestapiTest@7b98f307]" started-at="2021-05-14T20:06:17 IST" name="deletetwitter" finished-at="2021-05-14T20:06:17 IST" duration-ms="0" status="PASS">
          <reporter-output>
          </reporter-output>
        </test-method> <!-- deletetwitter -->
        <test-method signature="podjira()[pri:0, instance:maingroupproject.Subproject.RestapiTest@7b98f307]" started-at="2021-05-14T20:06:17 IST" name="podjira" finished-at="2021-05-14T20:06:17 IST" duration-ms="1" status="PASS">
          <reporter-output>
          </reporter-output>
        </test-method> <!-- podjira -->
      </class> <!-- maingroupproject.Subproject.RestapiTest -->
      <class name="maingroupproject.Subproject.SeleniumTest">
        <test-method signature="BrowserAutomation()[pri:0, instance:maingroupproject.Subproject.SeleniumTest@4802796d]" started-at="2021-05-14T20:06:17 IST" name="BrowserAutomation" finished-at="2021-05-14T20:06:17 IST" duration-ms="1" status="PASS">
          <reporter-output>
          </reporter-output>
        </test-method> <!-- BrowserAutomation -->
        <test-method signature="elementsui()[pri:0, instance:maingroupproject.Subproject.SeleniumTest@4802796d]" started-at="2021-05-14T20:06:17 IST" name="elementsui" finished-at="2021-05-14T20:06:17 IST" duration-ms="0" status="PASS">
          <reporter-output>
          </reporter-output>
        </test-method> <!-- elementsui -->
      </class> <!-- maingroupproject.Subproject.SeleniumTest -->
      <class name="maingroupproject.Subproject.AppiumTest">
        <test-method signature="IosApps()[pri:0, instance:maingroupproject.Subproject.AppiumTest@34a3d150]" started-at="2021-05-14T20:06:17 IST" name="IosApps" finished-at="2021-05-14T20:06:17 IST" duration-ms="8" status="PASS">
          <reporter-output>
          </reporter-output>
        </test-method> <!-- IosApps -->
        <test-method signature="NativeAppAndroid()[pri:0, instance:maingroupproject.Subproject.AppiumTest@34a3d150]" started-at="2021-05-14T20:06:17 IST" name="NativeAppAndroid" finished-at="2021-05-14T20:06:17 IST" duration-ms="0" status="PASS">
          <reporter-output>
          </reporter-output>
        </test-method> <!-- NativeAppAndroid -->
      </class> <!-- maingroupproject.Subproject.AppiumTest -->
    </test> <!-- Command line test -->
  </suite> <!-- Command line suite -->
</testng-results>
