<?xml version="1.0" encoding="UTF-8"?>
<testng-results ignored="0" total="6" passed="6" failed="0" skipped="0">
  <reporter-output>
  </reporter-output>
  <suite started-at="2021-05-10T19:54:23 IST" name="Suite" finished-at="2021-05-10T19:54:24 IST" duration-ms="329">
    <groups>
    </groups>
    <test started-at="2021-05-10T19:54:23 IST" name="Test" finished-at="2021-05-10T19:54:24 IST" duration-ms="329">
      <class name="maingroupproject.Subproject.RestapiTest">
        <test-method signature="deletetwitter()[pri:0, instance:maingroupproject.Subproject.RestapiTest@6e171cd7]" started-at="2021-05-10T19:54:24 IST" name="deletetwitter" finished-at="2021-05-10T19:54:24 IST" duration-ms="2" status="PASS">
          <reporter-output>
          </reporter-output>
        </test-method> <!-- deletetwitter -->
        <test-method signature="podjira()[pri:0, instance:maingroupproject.Subproject.RestapiTest@6e171cd7]" started-at="2021-05-10T19:54:24 IST" name="podjira" finished-at="2021-05-10T19:54:24 IST" duration-ms="2" status="PASS">
          <reporter-output>
          </reporter-output>
        </test-method> <!-- podjira -->
      </class> <!-- maingroupproject.Subproject.RestapiTest -->
      <class name="maingroupproject.Subproject.SeleniumTest">
        <test-method signature="BrowserAutomation()[pri:0, instance:maingroupproject.Subproject.SeleniumTest@1ea9f6af]" started-at="2021-05-10T19:54:24 IST" name="BrowserAutomation" finished-at="2021-05-10T19:54:24 IST" duration-ms="83" status="PASS">
          <reporter-output>
          </reporter-output>
        </test-method> <!-- BrowserAutomation -->
        <test-method signature="elementsui()[pri:0, instance:maingroupproject.Subproject.SeleniumTest@1ea9f6af]" started-at="2021-05-10T19:54:24 IST" name="elementsui" finished-at="2021-05-10T19:54:24 IST" duration-ms="5" status="PASS">
          <reporter-output>
          </reporter-output>
        </test-method> <!-- elementsui -->
      </class> <!-- maingroupproject.Subproject.SeleniumTest -->
      <class name="maingroupproject.Subproject.AppiumTest">
        <test-method signature="IosApps()[pri:0, instance:maingroupproject.Subproject.AppiumTest@498d318c]" started-at="2021-05-10T19:54:24 IST" name="IosApps" finished-at="2021-05-10T19:54:24 IST" duration-ms="9" status="PASS">
          <reporter-output>
          </reporter-output>
        </test-method> <!-- IosApps -->
        <test-method signature="NativeAppAndroid()[pri:0, instance:maingroupproject.Subproject.AppiumTest@498d318c]" started-at="2021-05-10T19:54:24 IST" name="NativeAppAndroid" finished-at="2021-05-10T19:54:24 IST" duration-ms="7" status="PASS">
          <reporter-output>
          </reporter-output>
        </test-method> <!-- NativeAppAndroid -->
      </class> <!-- maingroupproject.Subproject.AppiumTest -->
    </test> <!-- Test -->
  </suite> <!-- Suite -->
</testng-results>
